[debug] > Exec(early(addDefaultCommands), None, None)
[debug] > Exec(addDefaultCommands, None, None)
[debug] > Exec(early(initialize), None, None)
[debug] > Exec(initialize, None, None)
[debug] > Exec(boot, None, None)
[debug] > Exec(writeSbtVersion, None, None)
[debug] > Exec(reload, None, None)
[debug] > Exec(sbtStashOnFailure, None, None)
[debug] > Exec(onFailure loadFailed, None, None)
[debug] > Exec(loadp, None, None)
[info] welcome to sbt 1.10.11 (Oracle Corporation Java 11.0.19)
[debug]       Load.loadUnit: plugins took 128.4527ms
[debug]       Load.loadUnit: defsScala took 0.2924ms
[debug] [Loading] Scanning directory C:\Users\telet\.sbt\1.0\plugins
[debug] [Loading] Found non-root projects 
[debug] [Loading] Done in C:\Users\telet\.sbt\1.0\plugins, returning: ()
[debug] deducing auto plugins based on known facts Set(Atom(sbt.plugins.CorePlugin)) and clauses Clauses(Clause(Atom(sbt.plugins.JvmPlugin),Set(Atom(sbt.plugins.IvyPlugin)))
[debug] Clause(Atom(sbt.ScriptedPlugin),Set(Atom(sbt.plugins.JvmPlugin)))
[debug] Clause(Atom(sbt.plugins.SbtPlugin),Set(Atom(sbt.ScriptedPlugin)))
[debug] Clause(Atom(sbt.plugins.SemanticdbPlugin),Set(Atom(sbt.plugins.JvmPlugin)))
[debug] Clause(Atom(sbt.plugins.JUnitXmlReportPlugin),Set(Atom(sbt.plugins.JvmPlugin)))
[debug] Clause(Atom(sbt.plugins.MiniDependencyTreePlugin),Set(Atom(sbt.plugins.JvmPlugin)))
[debug] Clause(Atom(sbt.plugins.CorePlugin),Set(Atom(sbt.plugins.IvyPlugin)))
[debug] Clause(Atom(sbt.plugins.IvyPlugin),Set(Atom(sbt.plugins.JvmPlugin)))
[debug] Clause(Atom(sbt.plugins.JvmPlugin),Set(Atom(sbt.plugins.SemanticdbPlugin)))
[debug] Clause(Atom(sbt.plugins.JvmPlugin),Set(Atom(sbt.plugins.JUnitXmlReportPlugin)))
[debug] Clause(Atom(sbt.plugins.CorePlugin),Set(Atom(sbt.plugins.Giter8TemplatePlugin)))
[debug] Clause(Atom(sbt.plugins.JvmPlugin),Set(Atom(sbt.plugins.MiniDependencyTreePlugin))))
[debug]   :: deduced result: Matched(sbt.plugins.CorePlugin,sbt.plugins.Giter8TemplatePlugin,sbt.plugins.IvyPlugin,sbt.plugins.JvmPlugin,sbt.plugins.MiniDependencyTreePlugin,sbt.plugins.JUnitXmlReportPlugin,sbt.plugins.SemanticdbPlugin)
[debug] Plugins.deducer#function took 18.4963 ms
[debug]           Load.resolveProject(global-plugins) took 46.4033ms
[debug]         Load.loadTransitive: finalizeProject(Project(id global-plugins, base: C:\Users\telet\.sbt\1.0\plugins, plugins: List(<none>))) took 93.0202ms
[debug] [Loading] Done in C:\Users\telet\.sbt\1.0\plugins, returning: (global-plugins)
[debug]       Load.loadUnit: loadedProjectsRaw took 117.6076ms
[debug]       Load.loadUnit: cleanEvalClasses took 0.2522ms
[debug]     Load.loadUnit(file:/C:/Users/telet/.sbt/1.0/plugins/, ...) took 257.0712ms
[debug]   Load.apply: load took 503.4427ms
[debug]   Load.apply: resolveProjects took 10.9225ms
[debug]   Load.apply: finalTransforms took 73.9354ms
[debug]   Load.apply: config.delegates took 10.5745ms
[debug]   Load.apply: Def.make(settings)... took 556.801ms
[debug]   Load.apply: structureIndex took 142.4219ms
[debug]   Load.apply: mkStreams took 2.7896ms
[info] loading global plugins from C:\Users\telet\.sbt\1.0\plugins
[debug] Running task... Cancel: Signal, check cycles: false, forcegc: true
[debug] Load.defaultLoad until apply took 3382.5192ms
[debug]           Load.loadUnit: plugins took 42.4121ms
[debug]           Load.loadUnit: defsScala took 0.0135ms
[debug] [Loading] Scanning directory C:\Users\telet\IdeaProjects\Quantexa_Assn_Zakuan_Nafis\project
[debug] [Loading] Found non-root projects 
[debug] [Loading] Done in C:\Users\telet\IdeaProjects\Quantexa_Assn_Zakuan_Nafis\project, returning: ()
[debug] deducing auto plugins based on known facts Set(Atom(sbt.plugins.CorePlugin)) and clauses Clauses(Clause(Atom(sbt.plugins.JvmPlugin),Set(Atom(sbt.plugins.IvyPlugin)))
[debug] Clause(Atom(sbt.ScriptedPlugin),Set(Atom(sbt.plugins.JvmPlugin)))
[debug] Clause(Atom(sbt.plugins.SbtPlugin),Set(Atom(sbt.ScriptedPlugin)))
[debug] Clause(Atom(sbt.plugins.SemanticdbPlugin),Set(Atom(sbt.plugins.JvmPlugin)))
[debug] Clause(Atom(sbt.plugins.JUnitXmlReportPlugin),Set(Atom(sbt.plugins.JvmPlugin)))
[debug] Clause(Atom(sbt.plugins.MiniDependencyTreePlugin),Set(Atom(sbt.plugins.JvmPlugin)))
[debug] Clause(Atom(sbt.plugins.CorePlugin),Set(Atom(sbt.plugins.IvyPlugin)))
[debug] Clause(Atom(sbt.plugins.IvyPlugin),Set(Atom(sbt.plugins.JvmPlugin)))
[debug] Clause(Atom(sbt.plugins.JvmPlugin),Set(Atom(sbt.plugins.SemanticdbPlugin)))
[debug] Clause(Atom(sbt.plugins.JvmPlugin),Set(Atom(sbt.plugins.JUnitXmlReportPlugin)))
[debug] Clause(Atom(sbt.plugins.CorePlugin),Set(Atom(sbt.plugins.Giter8TemplatePlugin)))
[debug] Clause(Atom(sbt.plugins.JvmPlugin),Set(Atom(sbt.plugins.MiniDependencyTreePlugin))))
[debug]   :: deduced result: Matched(sbt.plugins.CorePlugin,sbt.plugins.Giter8TemplatePlugin,sbt.plugins.IvyPlugin,sbt.plugins.JvmPlugin,sbt.plugins.MiniDependencyTreePlugin,sbt.plugins.JUnitXmlReportPlugin,sbt.plugins.SemanticdbPlugin)
[debug] Plugins.deducer#function took 5.5477 ms
[debug]               Load.resolveProject(quantexa_assn_zakuan_nafis-build) took 2.8165ms
[debug]             Load.loadTransitive: finalizeProject(Project(id quantexa_assn_zakuan_nafis-build, base: C:\Users\telet\IdeaProjects\Quantexa_Assn_Zakuan_Nafis\project, plugins: List(<none>))) took 9.5446ms
[debug] [Loading] Done in C:\Users\telet\IdeaProjects\Quantexa_Assn_Zakuan_Nafis\project, returning: (quantexa_assn_zakuan_nafis-build)
[debug]           Load.loadUnit: loadedProjectsRaw took 13.4231ms
[debug]           Load.loadUnit: cleanEvalClasses took 0.0394ms
[debug]         Load.loadUnit(file:/C:/Users/telet/IdeaProjects/Quantexa_Assn_Zakuan_Nafis/project/, ...) took 57.4961ms
[debug]       Load.apply: load took 60.9781ms
[debug]       Load.apply: resolveProjects took 0.2886ms
[debug]       Load.apply: finalTransforms took 20.5989ms
[debug]       Load.apply: config.delegates took 0.6398ms
[debug]       Load.apply: Def.make(settings)... took 170.7025ms
[debug]       Load.apply: structureIndex took 67.6566ms
[debug]       Load.apply: mkStreams took 0.0051ms
[info] loading project definition from C:\Users\telet\IdeaProjects\Quantexa_Assn_Zakuan_Nafis\project
[debug] Running task... Cancel: Signal, check cycles: false, forcegc: true
[debug]     Load.loadUnit: plugins took 2346.4294ms
[debug]     Load.loadUnit: defsScala took 0.0078ms
[debug] [Loading] Scanning directory C:\Users\telet\IdeaProjects\Quantexa_Assn_Zakuan_Nafis
[debug]       Load.loadUnit: mkEval took 9.0978ms
[debug] [Loading] Found root project root w/ remaining 
[debug] deducing auto plugins based on known facts Set(Atom(sbt.plugins.CorePlugin)) and clauses Clauses(Clause(Atom(sbt.plugins.JvmPlugin),Set(Atom(sbt.plugins.IvyPlugin)))
[debug] Clause(Atom(sbt.ScriptedPlugin),Set(Atom(sbt.plugins.JvmPlugin)))
[debug] Clause(Atom(sbt.plugins.SbtPlugin),Set(Atom(sbt.ScriptedPlugin)))
[debug] Clause(Atom(sbt.plugins.SemanticdbPlugin),Set(Atom(sbt.plugins.JvmPlugin)))
[debug] Clause(Atom(sbt.plugins.JUnitXmlReportPlugin),Set(Atom(sbt.plugins.JvmPlugin)))
[debug] Clause(Atom(sbt.plugins.MiniDependencyTreePlugin),Set(Atom(sbt.plugins.JvmPlugin)))
[debug] Clause(Atom(sbt.plugins.CorePlugin),Set(Atom(sbt.plugins.IvyPlugin)))
[debug] Clause(Atom(sbt.plugins.IvyPlugin),Set(Atom(sbt.plugins.JvmPlugin)))
[debug] Clause(Atom(sbt.plugins.JvmPlugin),Set(Atom(sbt.plugins.SemanticdbPlugin)))
[debug] Clause(Atom(sbt.plugins.JvmPlugin),Set(Atom(sbt.plugins.JUnitXmlReportPlugin)))
[debug] Clause(Atom(sbt.plugins.CorePlugin),Set(Atom(sbt.plugins.Giter8TemplatePlugin)))
[debug] Clause(Atom(sbt.plugins.JvmPlugin),Set(Atom(sbt.plugins.MiniDependencyTreePlugin))))
[debug]   :: deduced result: Matched(sbt.plugins.CorePlugin,sbt.plugins.Giter8TemplatePlugin,sbt.plugins.IvyPlugin,sbt.plugins.JvmPlugin,sbt.plugins.MiniDependencyTreePlugin,sbt.plugins.JUnitXmlReportPlugin,sbt.plugins.SemanticdbPlugin)
[debug] Plugins.deducer#function took 2.0328 ms
[info] loading settings for project root from build.sbt...
[debug]         Load.resolveProject(root) took 3.0936ms
[debug]       Load.loadTransitive: finalizeProject(Project(id root, base: C:\Users\telet\IdeaProjects\Quantexa_Assn_Zakuan_Nafis, plugins: List(<none>))) took 6.6208ms
[debug] [Loading] Done in C:\Users\telet\IdeaProjects\Quantexa_Assn_Zakuan_Nafis, returning: (root)
[debug]     Load.loadUnit: loadedProjectsRaw took 3221.4399ms
[debug]     Load.loadUnit: cleanEvalClasses took 15.2158ms
[debug]   Load.loadUnit(file:/C:/Users/telet/IdeaProjects/Quantexa_Assn_Zakuan_Nafis/, ...) took 5583.9786ms
[debug] Load.apply: load took 5586.9343ms
[debug] Load.apply: resolveProjects took 0.1607ms
[debug] Load.apply: finalTransforms took 7.802ms
[debug] Load.apply: config.delegates took 0.2986ms
[debug] Load.apply: Def.make(settings)... took 67.1326ms
[debug] Load.apply: structureIndex took 26.155ms
[debug] Load.apply: mkStreams took 0.0035ms
[info] set current project to Quantexa_Assn_Zakuan_Nafis (in build file:/C:/Users/telet/IdeaProjects/Quantexa_Assn_Zakuan_Nafis/)
[debug] > Exec(sbtPopOnFailure, None, None)
[debug] > Exec(resumeFromFailure, None, None)
[debug] > Exec(notifyUsersAboutShell, None, None)
[debug] > Exec(iflast shell, None, None)
[debug] > Exec(shell, None, None)
[error] server failed to start on local:sbt-server-52c121cef53aa5248cdb. java.io.IOException: Could not create lock for \\.\pipe\sbt-server-52c121cef53aa5248cdb_lock, error 5
